Determining size of off64_t failed with the following output:
Change Dir: C:/Users/Christian/Documents/Lund/Project/CG_Labs/CMakeFiles/CMakeTmp

Run Build Command:"C:\Program Files (x86)\Microsoft Visual Studio\2017\Community/MSBuild/15.0/Bin/MSBuild.exe" "cmTC_d4acf.vcxproj" "/p:Configuration=Debug" "/p:VisualStudioVersion=15.0"
Microsoft (R) Build Engine version 15.3.409.57025 for .NET Framework
Copyright (C) Microsoft Corporation. All rights reserved.

Build started 9/23/2017 5:20:30 PM.
Project "C:\Users\Christian\Documents\Lund\Project\CG_Labs\CMakeFiles\CMakeTmp\cmTC_d4acf.vcxproj" on node 1 (default targets).
PrepareForBuild:
  Creating directory "cmTC_d4acf.dir\Debug\".
  Creating directory "C:\Users\Christian\Documents\Lund\Project\CG_Labs\CMakeFiles\CMakeTmp\Debug\".
  Creating directory "cmTC_d4acf.dir\Debug\cmTC_d4acf.tlog\".
InitializeBuildStatus:
  Creating "cmTC_d4acf.dir\Debug\cmTC_d4acf.tlog\unsuccessfulbuild" because "AlwaysCreate" was specified.
ClCompile:
  C:\Program Files (x86)\Microsoft Visual Studio\2017\Community\VC\Tools\MSVC\14.11.25503\bin\HostX86\x86\CL.exe /c /Zi /W3 /WX- /diagnostics:classic /Od /Ob0 /Oy- /D WIN32 /D _WINDOWS /D _LARGEFILE64_SOURCE=1 /D HAVE_SYS_TYPES_H /D HAVE_STDINT_H /D HAVE_STDDEF_H /D "CMAKE_INTDIR=\"Debug\"" /D _MBCS /Gm- /RTC1 /MDd /GS /fp:precise /Zc:wchar_t /Zc:forScope /Zc:inline /openmp /Fo"cmTC_d4acf.dir\Debug\\" /Fd"cmTC_d4acf.dir\Debug\vc141.pdb" /Gd /TC /analyze- /errorReport:queue C:\Users\Christian\Documents\Lund\Project\CG_Labs\CMakeFiles\CheckTypeSize\OFF64_T.c
  Microsoft (R) C/C++ Optimizing Compiler Version 19.11.25508.2 for x86
  Copyright (C) Microsoft Corporation.  All rights reserved.
  
  cl /c /Zi /W3 /WX- /diagnostics:classic /Od /Ob0 /Oy- /D WIN32 /D _WINDOWS /D _LARGEFILE64_SOURCE=1 /D HAVE_SYS_TYPES_H /D HAVE_STDINT_H /D HAVE_STDDEF_H /D "CMAKE_INTDIR=\"Debug\"" /D _MBCS /Gm- /RTC1 /MDd /GS /fp:precise /Zc:wchar_t /Zc:forScope /Zc:inline /openmp /Fo"cmTC_d4acf.dir\Debug\\" /Fd"cmTC_d4acf.dir\Debug\vc141.pdb" /Gd /TC /analyze- /errorReport:queue C:\Users\Christian\Documents\Lund\Project\CG_Labs\CMakeFiles\CheckTypeSize\OFF64_T.c
  OFF64_T.c
  
C:\Users\Christian\Documents\Lund\Project\CG_Labs\CMakeFiles\CheckTypeSize\OFF64_T.c(19): error C2065: 'off64_t': undeclared identifier [C:\Users\Christian\Documents\Lund\Project\CG_Labs\CMakeFiles\CMakeTmp\cmTC_d4acf.vcxproj]
C:\Users\Christian\Documents\Lund\Project\CG_Labs\CMakeFiles\CheckTypeSize\OFF64_T.c(20): error C2065: 'off64_t': undeclared identifier [C:\Users\Christian\Documents\Lund\Project\CG_Labs\CMakeFiles\CMakeTmp\cmTC_d4acf.vcxproj]
C:\Users\Christian\Documents\Lund\Project\CG_Labs\CMakeFiles\CheckTypeSize\OFF64_T.c(21): error C2065: 'off64_t': undeclared identifier [C:\Users\Christian\Documents\Lund\Project\CG_Labs\CMakeFiles\CMakeTmp\cmTC_d4acf.vcxproj]
C:\Users\Christian\Documents\Lund\Project\CG_Labs\CMakeFiles\CheckTypeSize\OFF64_T.c(22): error C2065: 'off64_t': undeclared identifier [C:\Users\Christian\Documents\Lund\Project\CG_Labs\CMakeFiles\CMakeTmp\cmTC_d4acf.vcxproj]
C:\Users\Christian\Documents\Lund\Project\CG_Labs\CMakeFiles\CheckTypeSize\OFF64_T.c(23): error C2065: 'off64_t': undeclared identifier [C:\Users\Christian\Documents\Lund\Project\CG_Labs\CMakeFiles\CMakeTmp\cmTC_d4acf.vcxproj]
Done Building Project "C:\Users\Christian\Documents\Lund\Project\CG_Labs\CMakeFiles\CMakeTmp\cmTC_d4acf.vcxproj" (default targets) -- FAILED.

Build FAILED.

"C:\Users\Christian\Documents\Lund\Project\CG_Labs\CMakeFiles\CMakeTmp\cmTC_d4acf.vcxproj" (default target) (1) ->
(ClCompile target) -> 
  C:\Users\Christian\Documents\Lund\Project\CG_Labs\CMakeFiles\CheckTypeSize\OFF64_T.c(19): error C2065: 'off64_t': undeclared identifier [C:\Users\Christian\Documents\Lund\Project\CG_Labs\CMakeFiles\CMakeTmp\cmTC_d4acf.vcxproj]
  C:\Users\Christian\Documents\Lund\Project\CG_Labs\CMakeFiles\CheckTypeSize\OFF64_T.c(20): error C2065: 'off64_t': undeclared identifier [C:\Users\Christian\Documents\Lund\Project\CG_Labs\CMakeFiles\CMakeTmp\cmTC_d4acf.vcxproj]
  C:\Users\Christian\Documents\Lund\Project\CG_Labs\CMakeFiles\CheckTypeSize\OFF64_T.c(21): error C2065: 'off64_t': undeclared identifier [C:\Users\Christian\Documents\Lund\Project\CG_Labs\CMakeFiles\CMakeTmp\cmTC_d4acf.vcxproj]
  C:\Users\Christian\Documents\Lund\Project\CG_Labs\CMakeFiles\CheckTypeSize\OFF64_T.c(22): error C2065: 'off64_t': undeclared identifier [C:\Users\Christian\Documents\Lund\Project\CG_Labs\CMakeFiles\CMakeTmp\cmTC_d4acf.vcxproj]
  C:\Users\Christian\Documents\Lund\Project\CG_Labs\CMakeFiles\CheckTypeSize\OFF64_T.c(23): error C2065: 'off64_t': undeclared identifier [C:\Users\Christian\Documents\Lund\Project\CG_Labs\CMakeFiles\CMakeTmp\cmTC_d4acf.vcxproj]

    0 Warning(s)
    5 Error(s)

Time Elapsed 00:00:00.93

C:/Users/Christian/Documents/Lund/Project/CG_Labs/CMakeFiles/CheckTypeSize/OFF64_T.c:
#include <sys/types.h>
#include <stdint.h>
#include <stddef.h>


#undef KEY
#if defined(__i386)
# define KEY '_','_','i','3','8','6'
#elif defined(__x86_64)
# define KEY '_','_','x','8','6','_','6','4'
#elif defined(__ppc__)
# define KEY '_','_','p','p','c','_','_'
#elif defined(__ppc64__)
# define KEY '_','_','p','p','c','6','4','_','_'
#endif

#define SIZE (sizeof(off64_t))
char info_size[] =  {'I', 'N', 'F', 'O', ':', 's','i','z','e','[',
  ('0' + ((SIZE / 10000)%10)),
  ('0' + ((SIZE / 1000)%10)),
  ('0' + ((SIZE / 100)%10)),
  ('0' + ((SIZE / 10)%10)),
  ('0' +  (SIZE    % 10)),
  ']',
#ifdef KEY
  ' ','k','e','y','[', KEY, ']',
#endif
  '\0'};

#ifdef __CLASSIC_C__
int main(argc, argv) int argc; char *argv[];
#else
int main(int argc, char *argv[])
#endif
{
  int require = 0;
  require += info_size[argc];
  (void)argv;
  return require;
}


Determining if the function fseeko exists failed with the following output:
Change Dir: C:/Users/Christian/Documents/Lund/Project/CG_Labs/CMakeFiles/CMakeTmp

Run Build Command:"C:\Program Files (x86)\Microsoft Visual Studio\2017\Community/MSBuild/15.0/Bin/MSBuild.exe" "cmTC_91866.vcxproj" "/p:Configuration=Debug" "/p:VisualStudioVersion=15.0"
Microsoft (R) Build Engine version 15.3.409.57025 for .NET Framework
Copyright (C) Microsoft Corporation. All rights reserved.

Build started 9/23/2017 5:20:31 PM.
Project "C:\Users\Christian\Documents\Lund\Project\CG_Labs\CMakeFiles\CMakeTmp\cmTC_91866.vcxproj" on node 1 (default targets).
PrepareForBuild:
  Creating directory "cmTC_91866.dir\Debug\".
  Creating directory "C:\Users\Christian\Documents\Lund\Project\CG_Labs\CMakeFiles\CMakeTmp\Debug\".
  Creating directory "cmTC_91866.dir\Debug\cmTC_91866.tlog\".
InitializeBuildStatus:
  Creating "cmTC_91866.dir\Debug\cmTC_91866.tlog\unsuccessfulbuild" because "AlwaysCreate" was specified.
ClCompile:
  C:\Program Files (x86)\Microsoft Visual Studio\2017\Community\VC\Tools\MSVC\14.11.25503\bin\HostX86\x86\CL.exe /c /Zi /W3 /WX- /diagnostics:classic /Od /Ob0 /Oy- /D WIN32 /D _WINDOWS /D CHECK_FUNCTION_EXISTS=fseeko /D "CMAKE_INTDIR=\"Debug\"" /D _MBCS /Gm- /RTC1 /MDd /GS /fp:precise /Zc:wchar_t /Zc:forScope /Zc:inline /openmp /Fo"cmTC_91866.dir\Debug\\" /Fd"cmTC_91866.dir\Debug\vc141.pdb" /Gd /TC /analyze- /errorReport:queue "C:\Program Files\CMake\share\cmake-3.9\Modules\CheckFunctionExists.c"
  Microsoft (R) C/C++ Optimizing Compiler Version 19.11.25508.2 for x86
  Copyright (C) Microsoft Corporation.  All rights reserved.
  
  cl /c /Zi /W3 /WX- /diagnostics:classic /Od /Ob0 /Oy- /D WIN32 /D _WINDOWS /D CHECK_FUNCTION_EXISTS=fseeko /D "CMAKE_INTDIR=\"Debug\"" /D _MBCS /Gm- /RTC1 /MDd /GS /fp:precise /Zc:wchar_t /Zc:forScope /Zc:inline /openmp /Fo"cmTC_91866.dir\Debug\\" /Fd"cmTC_91866.dir\Debug\vc141.pdb" /Gd /TC /analyze- /errorReport:queue "C:\Program Files\CMake\share\cmake-3.9\Modules\CheckFunctionExists.c"
  CheckFunctionExists.c
  
Link:
  C:\Program Files (x86)\Microsoft Visual Studio\2017\Community\VC\Tools\MSVC\14.11.25503\bin\HostX86\x86\link.exe /ERRORREPORT:QUEUE /OUT:"C:\Users\Christian\Documents\Lund\Project\CG_Labs\CMakeFiles\CMakeTmp\Debug\cmTC_91866.exe" /INCREMENTAL /NOLOGO kernel32.lib user32.lib gdi32.lib winspool.lib shell32.lib ole32.lib oleaut32.lib uuid.lib comdlg32.lib advapi32.lib /MANIFEST /MANIFESTUAC:"level='asInvoker' uiAccess='false'" /manifest:embed /DEBUG /PDB:"C:/Users/Christian/Documents/Lund/Project/CG_Labs/CMakeFiles/CMakeTmp/Debug/cmTC_91866.pdb" /SUBSYSTEM:CONSOLE /TLBID:1 /DYNAMICBASE /NXCOMPAT /IMPLIB:"C:/Users/Christian/Documents/Lund/Project/CG_Labs/CMakeFiles/CMakeTmp/Debug/cmTC_91866.lib" /MACHINE:X86 /SAFESEH  /machine:X86 cmTC_91866.dir\Debug\CheckFunctionExists.obj
CheckFunctionExists.obj : error LNK2019: unresolved external symbol _fseeko referenced in function _main [C:\Users\Christian\Documents\Lund\Project\CG_Labs\CMakeFiles\CMakeTmp\cmTC_91866.vcxproj]
C:\Users\Christian\Documents\Lund\Project\CG_Labs\CMakeFiles\CMakeTmp\Debug\cmTC_91866.exe : fatal error LNK1120: 1 unresolved externals [C:\Users\Christian\Documents\Lund\Project\CG_Labs\CMakeFiles\CMakeTmp\cmTC_91866.vcxproj]
Done Building Project "C:\Users\Christian\Documents\Lund\Project\CG_Labs\CMakeFiles\CMakeTmp\cmTC_91866.vcxproj" (default targets) -- FAILED.

Build FAILED.

"C:\Users\Christian\Documents\Lund\Project\CG_Labs\CMakeFiles\CMakeTmp\cmTC_91866.vcxproj" (default target) (1) ->
(Link target) -> 
  CheckFunctionExists.obj : error LNK2019: unresolved external symbol _fseeko referenced in function _main [C:\Users\Christian\Documents\Lund\Project\CG_Labs\CMakeFiles\CMakeTmp\cmTC_91866.vcxproj]
  C:\Users\Christian\Documents\Lund\Project\CG_Labs\CMakeFiles\CMakeTmp\Debug\cmTC_91866.exe : fatal error LNK1120: 1 unresolved externals [C:\Users\Christian\Documents\Lund\Project\CG_Labs\CMakeFiles\CMakeTmp\cmTC_91866.vcxproj]

    0 Warning(s)
    2 Error(s)

Time Elapsed 00:00:01.25


Determining if the include file unistd.h exists failed with the following output:
Change Dir: C:/Users/Christian/Documents/Lund/Project/CG_Labs/CMakeFiles/CMakeTmp

Run Build Command:"C:\Program Files (x86)\Microsoft Visual Studio\2017\Community/MSBuild/15.0/Bin/MSBuild.exe" "cmTC_a78a9.vcxproj" "/p:Configuration=Debug" "/p:VisualStudioVersion=15.0"
Microsoft (R) Build Engine version 15.3.409.57025 for .NET Framework
Copyright (C) Microsoft Corporation. All rights reserved.

Build started 9/23/2017 5:20:33 PM.
Project "C:\Users\Christian\Documents\Lund\Project\CG_Labs\CMakeFiles\CMakeTmp\cmTC_a78a9.vcxproj" on node 1 (default targets).
PrepareForBuild:
  Creating directory "cmTC_a78a9.dir\Debug\".
  Creating directory "C:\Users\Christian\Documents\Lund\Project\CG_Labs\CMakeFiles\CMakeTmp\Debug\".
  Creating directory "cmTC_a78a9.dir\Debug\cmTC_a78a9.tlog\".
InitializeBuildStatus:
  Creating "cmTC_a78a9.dir\Debug\cmTC_a78a9.tlog\unsuccessfulbuild" because "AlwaysCreate" was specified.
ClCompile:
  C:\Program Files (x86)\Microsoft Visual Studio\2017\Community\VC\Tools\MSVC\14.11.25503\bin\HostX86\x86\CL.exe /c /Zi /W3 /WX- /diagnostics:classic /Od /Ob0 /Oy- /D WIN32 /D _WINDOWS /D "CMAKE_INTDIR=\"Debug\"" /D _MBCS /Gm- /RTC1 /MDd /GS /fp:precise /Zc:wchar_t /Zc:forScope /Zc:inline /openmp /Fo"cmTC_a78a9.dir\Debug\\" /Fd"cmTC_a78a9.dir\Debug\vc141.pdb" /Gd /TC /analyze- /errorReport:queue C:\Users\Christian\Documents\Lund\Project\CG_Labs\CMakeFiles\CMakeTmp\CheckIncludeFile.c
  Microsoft (R) C/C++ Optimizing Compiler Version 19.11.25508.2 for x86
  Copyright (C) Microsoft Corporation.  All rights reserved.
  
  cl /c /Zi /W3 /WX- /diagnostics:classic /Od /Ob0 /Oy- /D WIN32 /D _WINDOWS /D "CMAKE_INTDIR=\"Debug\"" /D _MBCS /Gm- /RTC1 /MDd /GS /fp:precise /Zc:wchar_t /Zc:forScope /Zc:inline /openmp /Fo"cmTC_a78a9.dir\Debug\\" /Fd"cmTC_a78a9.dir\Debug\vc141.pdb" /Gd /TC /analyze- /errorReport:queue C:\Users\Christian\Documents\Lund\Project\CG_Labs\CMakeFiles\CMakeTmp\CheckIncludeFile.c
  CheckIncludeFile.c
  
C:\Users\Christian\Documents\Lund\Project\CG_Labs\CMakeFiles\CMakeTmp\CheckIncludeFile.c(1): fatal error C1083: Cannot open include file: 'unistd.h': No such file or directory [C:\Users\Christian\Documents\Lund\Project\CG_Labs\CMakeFiles\CMakeTmp\cmTC_a78a9.vcxproj]
Done Building Project "C:\Users\Christian\Documents\Lund\Project\CG_Labs\CMakeFiles\CMakeTmp\cmTC_a78a9.vcxproj" (default targets) -- FAILED.

Build FAILED.

"C:\Users\Christian\Documents\Lund\Project\CG_Labs\CMakeFiles\CMakeTmp\cmTC_a78a9.vcxproj" (default target) (1) ->
(ClCompile target) -> 
  C:\Users\Christian\Documents\Lund\Project\CG_Labs\CMakeFiles\CMakeTmp\CheckIncludeFile.c(1): fatal error C1083: Cannot open include file: 'unistd.h': No such file or directory [C:\Users\Christian\Documents\Lund\Project\CG_Labs\CMakeFiles\CMakeTmp\cmTC_a78a9.vcxproj]

    0 Warning(s)
    1 Error(s)

Time Elapsed 00:00:00.82


Determining if the include file pthread.h exists failed with the following output:
Change Dir: C:/Users/Christian/Documents/Lund/Project/CG_Labs/CMakeFiles/CMakeTmp

Run Build Command:"C:\Program Files (x86)\Microsoft Visual Studio\2017\Community/MSBuild/15.0/Bin/MSBuild.exe" "cmTC_51a6c.vcxproj" "/p:Configuration=Debug" "/p:VisualStudioVersion=15.0"
Microsoft (R) Build Engine version 15.3.409.57025 for .NET Framework
Copyright (C) Microsoft Corporation. All rights reserved.

Build started 9/23/2017 5:20:47 PM.
Project "C:\Users\Christian\Documents\Lund\Project\CG_Labs\CMakeFiles\CMakeTmp\cmTC_51a6c.vcxproj" on node 1 (default targets).
PrepareForBuild:
  Creating directory "cmTC_51a6c.dir\Debug\".
  Creating directory "C:\Users\Christian\Documents\Lund\Project\CG_Labs\CMakeFiles\CMakeTmp\Debug\".
  Creating directory "cmTC_51a6c.dir\Debug\cmTC_51a6c.tlog\".
InitializeBuildStatus:
  Creating "cmTC_51a6c.dir\Debug\cmTC_51a6c.tlog\unsuccessfulbuild" because "AlwaysCreate" was specified.
ClCompile:
  C:\Program Files (x86)\Microsoft Visual Studio\2017\Community\VC\Tools\MSVC\14.11.25503\bin\HostX86\x86\CL.exe /c /Zi /W3 /WX- /diagnostics:classic /Od /Ob0 /Oy- /D WIN32 /D _WINDOWS /D "CMAKE_INTDIR=\"Debug\"" /D _MBCS /Gm- /RTC1 /MDd /GS /fp:precise /Zc:wchar_t /Zc:forScope /Zc:inline /Fo"cmTC_51a6c.dir\Debug\\" /Fd"cmTC_51a6c.dir\Debug\vc141.pdb" /Gd /TC /analyze- /errorReport:queue C:\Users\Christian\Documents\Lund\Project\CG_Labs\CMakeFiles\CMakeTmp\CheckIncludeFile.c
  Microsoft (R) C/C++ Optimizing Compiler Version 19.11.25508.2 for x86
  Copyright (C) Microsoft Corporation.  All rights reserved.
  
  cl /c /Zi /W3 /WX- /diagnostics:classic /Od /Ob0 /Oy- /D WIN32 /D _WINDOWS /D "CMAKE_INTDIR=\"Debug\"" /D _MBCS /Gm- /RTC1 /MDd /GS /fp:precise /Zc:wchar_t /Zc:forScope /Zc:inline /Fo"cmTC_51a6c.dir\Debug\\" /Fd"cmTC_51a6c.dir\Debug\vc141.pdb" /Gd /TC /analyze- /errorReport:queue C:\Users\Christian\Documents\Lund\Project\CG_Labs\CMakeFiles\CMakeTmp\CheckIncludeFile.c
  CheckIncludeFile.c
  
C:\Users\Christian\Documents\Lund\Project\CG_Labs\CMakeFiles\CMakeTmp\CheckIncludeFile.c(1): fatal error C1083: Cannot open include file: 'pthread.h': No such file or directory [C:\Users\Christian\Documents\Lund\Project\CG_Labs\CMakeFiles\CMakeTmp\cmTC_51a6c.vcxproj]
Done Building Project "C:\Users\Christian\Documents\Lund\Project\CG_Labs\CMakeFiles\CMakeTmp\cmTC_51a6c.vcxproj" (default targets) -- FAILED.

Build FAILED.

"C:\Users\Christian\Documents\Lund\Project\CG_Labs\CMakeFiles\CMakeTmp\cmTC_51a6c.vcxproj" (default target) (1) ->
(ClCompile target) -> 
  C:\Users\Christian\Documents\Lund\Project\CG_Labs\CMakeFiles\CMakeTmp\CheckIncludeFile.c(1): fatal error C1083: Cannot open include file: 'pthread.h': No such file or directory [C:\Users\Christian\Documents\Lund\Project\CG_Labs\CMakeFiles\CMakeTmp\cmTC_51a6c.vcxproj]

    0 Warning(s)
    1 Error(s)

Time Elapsed 00:00:00.66


